<?xml version="1.0" encoding="utf-8"?>
<test-run id="2" testcasecount="1" result="Passed" total="1" passed="1" failed="0" inconclusive="0" skipped="0" asserts="0" engine-version="3.5.0.0" clr-version="4.0.30319.42000" start-time="0001-01-01 00:00:00Z" end-time="0001-01-01 00:00:00Z" duration="2.6778418">
  <test-suite type="TestSuite" id="1000" name="UnityTestFramework" fullname="UnityTestFramework" runstate="Runnable" testcasecount="1" result="Passed" start-time="2019-04-15 19:44:44Z" end-time="2019-04-15 19:44:47Z" duration="2.677842" total="1" passed="1" failed="0" inconclusive="0" skipped="0" asserts="0">The referenced script on this Behaviour (Game Object 'AR Session') is missing!
The referenced script on this Behaviour (Game Object 'AR Camera') is missing!
The referenced script on this Behaviour (Game Object 'AR Camera') is missing!
Camera "AR Camera" does not use a Tracked Pose Driver, so its transform will not be updated by an XR device.
<properties></properties><test-suite type="Assembly" id="1003" name="Tests.dll" fullname="/data/app/com.UnityTestRunner.UnityTestRunner-NHz9Tg-blHQc8c4z5SLwDQ==/base.apk/assets/bin/Data/Managed/Tests.dll" runstate="Runnable" testcasecount="1" result="Passed" start-time="2019-04-15 19:44:44Z" end-time="2019-04-15 19:44:47Z" duration="2.614348" total="1" passed="1" failed="0" inconclusive="0" skipped="0" asserts="0">The referenced script on this Behaviour (Game Object 'AR Session') is missing!
The referenced script on this Behaviour (Game Object 'AR Camera') is missing!
The referenced script on this Behaviour (Game Object 'AR Camera') is missing!
Camera "AR Camera" does not use a Tracked Pose Driver, so its transform will not be updated by an XR device.
<properties><property name="_PID" value="22082"></property><property name="_APPDOMAIN" value="Unity Root Domain"></property></properties><test-suite type="TestFixture" id="1001" name="XRSDK_ARSmokeTest" fullname="XRSDK_ARSmokeTest" classname="XRSDK_ARSmokeTest" runstate="Runnable" testcasecount="1" result="Passed" start-time="2019-04-15 19:44:44Z" end-time="2019-04-15 19:44:47Z" duration="2.599005" total="1" passed="1" failed="0" inconclusive="0" skipped="0" asserts="0">The referenced script on this Behaviour (Game Object 'AR Session') is missing!
The referenced script on this Behaviour (Game Object 'AR Camera') is missing!
The referenced script on this Behaviour (Game Object 'AR Camera') is missing!
Camera "AR Camera" does not use a Tracked Pose Driver, so its transform will not be updated by an XR device.
<properties></properties><test-case id="1002" name="XRSubsystemsActivation" fullname="XRSDK_ARSmokeTest.XRSubsystemsActivation" methodname="XRSubsystemsActivation" classname="XRSDK_ARSmokeTest" runstate="Runnable" seed="662919513" result="Passed" start-time="2019-04-15 19:44:44Z" end-time="2019-04-15 19:44:47Z" duration="2.382542" asserts="0">The referenced script on this Behaviour (Game Object 'AR Session') is missing!
The referenced script on this Behaviour (Game Object 'AR Camera') is missing!
The referenced script on this Behaviour (Game Object 'AR Camera') is missing!
Camera "AR Camera" does not use a Tracked Pose Driver, so its transform will not be updated by an XR device.
<properties><property name="_JOINTYPE" value="UnityCombinatorial"></property></properties><output>The referenced script on this Behaviour (Game Object 'AR Session') is missing!
The referenced script on this Behaviour (Game Object 'AR Camera') is missing!
The referenced script on this Behaviour (Game Object 'AR Camera') is missing!
Camera "AR Camera" does not use a Tracked Pose Driver, so its transform will not be updated by an XR device.
</output></test-case></test-suite></test-suite></test-suite>
</test-run>